# JRE version: Java(TM) SE Runtime Environment (8.0_211-b12) (build 1.8.0_211-b12)
# Java VM: Java HotSpot(TM) 64-Bit Server VM (25.211-b12 mixed mode windows-amd64 compressed oops)
Heap:
 PSYoungGen      total 121856K, used 12790K [0x00000000d5c00000, 0x00000000ddf80000, 0x0000000100000000)
  eden space 109056K, 11% used [0x00000000d5c00000,0x00000000d687d850,0x00000000dc680000)
  from space 12800K, 0% used [0x00000000dc680000,0x00000000dc680000,0x00000000dd300000)
  to   space 9728K, 0% used [0x00000000dd400000,0x00000000dd400000,0x00000000ddd80000)
 ParOldGen       total 76288K, used 15624K [0x0000000081400000, 0x0000000085e80000, 0x00000000d5c00000)
  object space 76288K, 20% used [0x0000000081400000,0x00000000823423d8,0x0000000085e80000)
 Metaspace       used 34962K, capacity 36564K, committed 36824K, reserved 1083392K
  class space    used 4768K, capacity 5075K, committed 5080K, reserved 1048576K
GC Heap History (10 events):
Event: 1.726 GC heap before
{Heap before GC invocations=5 (full 1):
 PSYoungGen      total 71680K, used 5104K [0x00000000d5c00000, 0x00000000da700000, 0x0000000100000000)
  eden space 66560K, 0% used [0x00000000d5c00000,0x00000000d5c00000,0x00000000d9d00000)
  from space 5120K, 99% used [0x00000000da200000,0x00000000da6fc010,0x00000000da700000)
  to   space 5120K, 0% used [0x00000000d9d00000,0x00000000d9d00000,0x00000000da200000)
 ParOldGen       total 87552K, used 6056K [0x0000000081400000, 0x0000000086980000, 0x00000000d5c00000)
  object space 87552K, 6% used [0x0000000081400000,0x00000000819ea2c8,0x0000000086980000)
 Metaspace       used 20485K, capacity 21074K, committed 21248K, reserved 1067008K
  class space    used 2768K, capacity 2946K, committed 3072K, reserved 1048576K
Event: 1.762 GC heap after
Heap after GC invocations=5 (full 1):
 PSYoungGen      total 71680K, used 0K [0x00000000d5c00000, 0x00000000da700000, 0x0000000100000000)
  eden space 66560K, 0% used [0x00000000d5c00000,0x00000000d5c00000,0x00000000d9d00000)
  from space 5120K, 0% used [0x00000000da200000,0x00000000da200000,0x00000000da700000)
  to   space 5120K, 0% used [0x00000000d9d00000,0x00000000d9d00000,0x00000000da200000)
 ParOldGen       total 52224K, used 5770K [0x0000000081400000, 0x0000000084700000, 0x00000000d5c00000)
  object space 52224K, 11% used [0x0000000081400000,0x00000000819a2b00,0x0000000084700000)
 Metaspace       used 20483K, capacity 21068K, committed 21248K, reserved 1067008K
  class space    used 2767K, capacity 2945K, committed 3072K, reserved 1048576K
}
Event: 2.455 GC heap before
{Heap before GC invocations=6 (full 1):
 PSYoungGen      total 71680K, used 66560K [0x00000000d5c00000, 0x00000000da700000, 0x0000000100000000)
  eden space 66560K, 100% used [0x00000000d5c00000,0x00000000d9d00000,0x00000000d9d00000)
  from space 5120K, 0% used [0x00000000da200000,0x00000000da200000,0x00000000da700000)
  to   space 5120K, 0% used [0x00000000d9d00000,0x00000000d9d00000,0x00000000da200000)
 ParOldGen       total 52224K, used 5770K [0x0000000081400000, 0x0000000084700000, 0x00000000d5c00000)
  object space 52224K, 11% used [0x0000000081400000,0x00000000819a2b00,0x0000000084700000)
 Metaspace       used 25927K, capacity 26924K, committed 27136K, reserved 1073152K
  class space    used 3566K, capacity 3795K, committed 3840K, reserved 1048576K
Event: 2.466 GC heap after
Heap after GC invocations=6 (full 1):
 PSYoungGen      total 71680K, used 5100K [0x00000000d5c00000, 0x00000000ddd80000, 0x0000000100000000)
  eden space 66560K, 0% used [0x00000000d5c00000,0x00000000d5c00000,0x00000000d9d00000)
  from space 5120K, 99% used [0x00000000d9d00000,0x00000000da1fb198,0x00000000da200000)
  to   space 9728K, 0% used [0x00000000dd400000,0x00000000dd400000,0x00000000ddd80000)
 ParOldGen       total 52224K, used 9086K [0x0000000081400000, 0x0000000084700000, 0x00000000d5c00000)
  object space 52224K, 17% used [0x0000000081400000,0x0000000081cdfa10,0x0000000084700000)
 Metaspace       used 25927K, capacity 26924K, committed 27136K, reserved 1073152K
  class space    used 3566K, capacity 3795K, committed 3840K, reserved 1048576K
}
Event: 8.835 GC heap before
{Heap before GC invocations=7 (full 1):
 PSYoungGen      total 71680K, used 71660K [0x00000000d5c00000, 0x00000000ddd80000, 0x0000000100000000)
  eden space 66560K, 100% used [0x00000000d5c00000,0x00000000d9d00000,0x00000000d9d00000)
  from space 5120K, 99% used [0x00000000d9d00000,0x00000000da1fb198,0x00000000da200000)
  to   space 9728K, 0% used [0x00000000dd400000,0x00000000dd400000,0x00000000ddd80000)
 ParOldGen       total 52224K, used 9086K [0x0000000081400000, 0x0000000084700000, 0x00000000d5c00000)
  object space 52224K, 17% used [0x0000000081400000,0x0000000081cdfa10,0x0000000084700000)
 Metaspace       used 32986K, capacity 34412K, committed 34560K, reserved 1079296K
  class space    used 4474K, capacity 4747K, committed 4864K, reserved 1048576K
Event: 8.856 GC heap after
Heap after GC invocations=7 (full 1):
 PSYoungGen      total 118784K, used 9696K [0x00000000d5c00000, 0x00000000ddf80000, 0x0000000100000000)
  eden space 109056K, 0% used [0x00000000d5c00000,0x00000000d5c00000,0x00000000dc680000)
  from space 9728K, 99% used [0x00000000dd400000,0x00000000ddd781f0,0x00000000ddd80000)
  to   space 12800K, 0% used [0x00000000dc680000,0x00000000dc680000,0x00000000dd300000)
 ParOldGen       total 52224K, used 12165K [0x0000000081400000, 0x0000000084700000, 0x00000000d5c00000)
  object space 52224K, 23% used [0x0000000081400000,0x0000000081fe1558,0x0000000084700000)
 Metaspace       used 32986K, capacity 34412K, committed 34560K, reserved 1079296K
  class space    used 4474K, capacity 4747K, committed 4864K, reserved 1048576K
}
Event: 9.459 GC heap before
{Heap before GC invocations=8 (full 1):
 PSYoungGen      total 118784K, used 19334K [0x00000000d5c00000, 0x00000000ddf80000, 0x0000000100000000)
  eden space 109056K, 8% used [0x00000000d5c00000,0x00000000d6569710,0x00000000dc680000)
  from space 9728K, 99% used [0x00000000dd400000,0x00000000ddd781f0,0x00000000ddd80000)
  to   space 12800K, 0% used [0x00000000dc680000,0x00000000dc680000,0x00000000dd300000)
 ParOldGen       total 52224K, used 12165K [0x0000000081400000, 0x0000000084700000, 0x00000000d5c00000)
  object space 52224K, 23% used [0x0000000081400000,0x0000000081fe1558,0x0000000084700000)
 Metaspace       used 33833K, capacity 35358K, committed 35416K, reserved 1079296K
  class space    used 4576K, capacity 4910K, committed 4952K, reserved 1048576K
Event: 9.474 GC heap after
Heap after GC invocations=8 (full 1):
 PSYoungGen      total 121856K, used 10021K [0x00000000d5c00000, 0x00000000ddf80000, 0x0000000100000000)
  eden space 109056K, 0% used [0x00000000d5c00000,0x00000000d5c00000,0x00000000dc680000)
  from space 12800K, 78% used [0x00000000dc680000,0x00000000dd049650,0x00000000dd300000)
  to   space 9728K, 0% used [0x00000000dd400000,0x00000000dd400000,0x00000000ddd80000)
 ParOldGen       total 52224K, used 12173K [0x0000000081400000, 0x0000000084700000, 0x00000000d5c00000)
  object space 52224K, 23% used [0x0000000081400000,0x0000000081fe3558,0x0000000084700000)
 Metaspace       used 33833K, capacity 35358K, committed 35416K, reserved 1079296K
  class space    used 4576K, capacity 4910K, committed 4952K, reserved 1048576K
}
Event: 9.474 GC heap before
{Heap before GC invocations=9 (full 2):
 PSYoungGen      total 121856K, used 10021K [0x00000000d5c00000, 0x00000000ddf80000, 0x0000000100000000)
  eden space 109056K, 0% used [0x00000000d5c00000,0x00000000d5c00000,0x00000000dc680000)
  from space 12800K, 78% used [0x00000000dc680000,0x00000000dd049650,0x00000000dd300000)
  to   space 9728K, 0% used [0x00000000dd400000,0x00000000dd400000,0x00000000ddd80000)
 ParOldGen       total 52224K, used 12173K [0x0000000081400000, 0x0000000084700000, 0x00000000d5c00000)
  object space 52224K, 23% used [0x0000000081400000,0x0000000081fe3558,0x0000000084700000)
 Metaspace       used 33833K, capacity 35358K, committed 35416K, reserved 1079296K
  class space    used 4576K, capacity 4910K, committed 4952K, reserved 1048576K
Event: 9.537 GC heap after
Heap after GC invocations=9 (full 2):
 PSYoungGen      total 121856K, used 0K [0x00000000d5c00000, 0x00000000ddf80000, 0x0000000100000000)
  eden space 109056K, 0% used [0x00000000d5c00000,0x00000000d5c00000,0x00000000dc680000)
  from space 12800K, 0% used [0x00000000dc680000,0x00000000dc680000,0x00000000dd300000)
  to   space 9728K, 0% used [0x00000000dd400000,0x00000000dd400000,0x00000000ddd80000)
 ParOldGen       total 76288K, used 15624K [0x0000000081400000, 0x0000000085e80000, 0x00000000d5c00000)
  object space 76288K, 20% used [0x0000000081400000,0x00000000823423d8,0x0000000085e80000)
 Metaspace       used 33833K, capacity 35358K, committed 35416K, reserved 1079296K
  class space    used 4576K, capacity 4910K, committed 4952K, reserved 1048576K
}

